test..yeahh logger
test..yeahh logger
Enter your choice :
1) Enter Demand Draft Details
2) Exit
Enter the name of the customer:
In favor of:
Enter customer phone number:
Enter Demand Draft amount (in Rs):
Enter Remarks:
test..yeahh logger
Enter your choice :
1) Enter Demand Draft Details
2) Exit
test..yeahh logger
Enter your choice :
1) Enter Demand Draft Details
2) Exit
Enter your choice :
1) Enter Demand Draft Details
2) Exit
Enter the name of the customer:
In favor of:
Enter customer phone number:
Enter Demand Draft amount (in Rs):
Enter Remarks:
Enter your choice :
1) Enter Demand Draft Details
2) Exit
Enter the name of the customer:
In favor of:
Enter customer phone number:
Enter Demand Draft amount (in Rs):
Enter Remarks:
Enter your choice :
1) Enter Demand Draft Details
2) Exit
Enter the name of the customer:
In favor of:
Enter customer phone number:
Enter Demand Draft amount (in Rs):
Enter Remarks:
Your Demand Draft request has been successfully registered along with the 10009
